[2026-05-09T11:19:12.348Z] --- DeepBook Predict Activity Cycle ---
[2026-05-09T11:19:12.697Z] [Main Wallet] Attempting to Supply liquidity to Predict...
[2026-05-09T11:19:12.908Z] [Main Wallet] FAILED: Command failed: & "E:\Cli work\Sui Wall\sui.exe" client --client.config "E:\Cli work\Sui Wall\client
[2026-05-09T11:19:17.911Z] [MemWal #0] Attempting to Supply liquidity to Predict...
[2026-05-09T11:19:18.429Z] [MemWal #0] FAILED: Command failed: & "E:\Cli work\Sui Wall\sui.exe" client --client.config "E:\Cli work\Sui Wall\sub-wa
[2026-05-09T11:19:23.444Z] [MemWal #1] Attempting to Supply liquidity to Predict...
[2026-05-09T11:19:23.946Z] [MemWal #1] FAILED: Command failed: & "E:\Cli work\Sui Wall\sui.exe" client --client.config "E:\Cli work\Sui Wall\sub-wa
[2026-05-09T11:19:28.961Z] [MemWal #2] Attempting to Supply liquidity to Predict...
[2026-05-09T11:19:29.432Z] [MemWal #2] FAILED: Command failed: & "E:\Cli work\Sui Wall\sui.exe" client --client.config "E:\Cli work\Sui Wall\sub-wa
[2026-05-09T11:19:34.440Z] [MemWal #3] Attempting to Supply liquidity to Predict...
[2026-05-09T11:19:35.446Z] [MemWal #3] FAILED: Command failed: & "E:\Cli work\Sui Wall\sui.exe" client --client.config "E:\Cli work\Sui Wall\sub-wa
[2026-05-09T11:19:40.451Z] [MemWal #4] Attempting to Supply liquidity to Predict...
[2026-05-09T11:19:41.448Z] [MemWal #4] FAILED: Command failed: & "E:\Cli work\Sui Wall\sui.exe" client --client.config "E:\Cli work\Sui Wall\sub-wa
[2026-05-09T11:19:46.459Z] [MemWal #5] Attempting to Supply liquidity to Predict...
[2026-05-09T11:19:47.485Z] [MemWal #5] FAILED: Command failed: & "E:\Cli work\Sui Wall\sui.exe" client --client.config "E:\Cli work\Sui Wall\sub-wa
[2026-05-09T11:19:52.495Z] [MemWal #6] Attempting to Supply liquidity to Predict...
[2026-05-09T11:19:52.985Z] [MemWal #6] FAILED: Command failed: & "E:\Cli work\Sui Wall\sui.exe" client --client.config "E:\Cli work\Sui Wall\sub-wa
[2026-05-09T11:19:57.991Z] [MemWal #7] Attempting to Supply liquidity to Predict...
[2026-05-09T11:19:58.450Z] [MemWal #7] FAILED: Command failed: & "E:\Cli work\Sui Wall\sui.exe" client --client.config "E:\Cli work\Sui Wall\sub-wa
[2026-05-09T11:20:03.463Z] Sleeping for 16 hours.
[2026-05-09T11:25:37.262Z] --- DeepBook Predict Activity Cycle ---
[2026-05-09T11:25:37.263Z] [Main Wallet] Attempting to Supply liquidity to Predict...
[2026-05-09T11:25:37.456Z] [Main Wallet] FAILED: Command failed: & "E:\Cli work\Sui Wall\sui.exe" client --client.config "E:\Cli work\Sui Wall\client
[2026-05-09T11:25:42.469Z] [MemWal #0] Attempting to Supply liquidity to Predict...
[2026-05-09T11:25:43.172Z] [MemWal #0] FAILED: Command failed: & "E:\Cli work\Sui Wall\sui.exe" client --client.config "E:\Cli work\Sui Wall\sub-wa
[2026-05-09T11:25:48.185Z] [MemWal #1] Attempting to Supply liquidity to Predict...
[2026-05-09T11:25:48.621Z] [MemWal #1] FAILED: Command failed: & "E:\Cli work\Sui Wall\sui.exe" client --client.config "E:\Cli work\Sui Wall\sub-wa
[2026-05-09T11:25:53.635Z] [MemWal #2] Attempting to Supply liquidity to Predict...
[2026-05-09T11:25:54.087Z] [MemWal #2] FAILED: Command failed: & "E:\Cli work\Sui Wall\sui.exe" client --client.config "E:\Cli work\Sui Wall\sub-wa
[2026-05-09T11:25:59.100Z] [MemWal #3] Attempting to Supply liquidity to Predict...
[2026-05-09T11:26:00.084Z] [MemWal #3] FAILED: Command failed: & "E:\Cli work\Sui Wall\sui.exe" client --client.config "E:\Cli work\Sui Wall\sub-wa
[2026-05-09T11:26:05.087Z] [MemWal #4] Attempting to Supply liquidity to Predict...
[2026-05-09T11:26:05.698Z] [MemWal #4] FAILED: Command failed: & "E:\Cli work\Sui Wall\sui.exe" client --client.config "E:\Cli work\Sui Wall\sub-wa
[2026-05-09T11:26:10.708Z] [MemWal #5] Attempting to Supply liquidity to Predict...
[2026-05-09T11:26:11.156Z] [MemWal #5] FAILED: Command failed: & "E:\Cli work\Sui Wall\sui.exe" client --client.config "E:\Cli work\Sui Wall\sub-wa
[2026-05-09T11:26:16.169Z] [MemWal #6] Attempting to Supply liquidity to Predict...
[2026-05-09T11:26:17.132Z] [MemWal #6] FAILED: Command failed: & "E:\Cli work\Sui Wall\sui.exe" client --client.config "E:\Cli work\Sui Wall\sub-wa
[2026-05-09T11:26:22.137Z] [MemWal #7] Attempting to Supply liquidity to Predict...
[2026-05-09T11:26:22.758Z] [MemWal #7] FAILED: Command failed: & "E:\Cli work\Sui Wall\sui.exe" client --client.config "E:\Cli work\Sui Wall\sub-wa
[2026-05-09T11:26:27.767Z] Sleeping for 14 hours.
[2026-05-09T11:52:11.215Z] --- DeepBook Predict Activity Cycle ---
[2026-05-09T11:52:11.238Z] [Main Wallet] Attempting to Supply liquidity to Predict...
[2026-05-09T11:52:11.495Z] [Main Wallet] FAILED: Command failed: & "E:\Cli work\Sui Wall\sui.exe" client --client.config "E:\Cli work\Sui Wall\client
[2026-05-09T11:52:16.495Z] [MemWal #0] Attempting to Supply liquidity to Predict...
[2026-05-09T11:52:17.375Z] [MemWal #0] FAILED: Command failed: & "E:\Cli work\Sui Wall\sui.exe" client --client.config "E:\Cli work\Sui Wall\sub-wa
[2026-05-09T11:52:22.380Z] [MemWal #1] Attempting to Supply liquidity to Predict...
[2026-05-09T11:52:22.825Z] [MemWal #1] FAILED: Command failed: & "E:\Cli work\Sui Wall\sui.exe" client --client.config "E:\Cli work\Sui Wall\sub-wa
[2026-05-09T11:52:27.829Z] [MemWal #2] Attempting to Supply liquidity to Predict...
[2026-05-09T11:52:28.561Z] [MemWal #2] FAILED: Command failed: & "E:\Cli work\Sui Wall\sui.exe" client --client.config "E:\Cli work\Sui Wall\sub-wa
[2026-05-09T11:52:33.575Z] [MemWal #3] Attempting to Supply liquidity to Predict...
[2026-05-09T11:52:34.633Z] [MemWal #3] FAILED: Command failed: & "E:\Cli work\Sui Wall\sui.exe" client --client.config "E:\Cli work\Sui Wall\sub-wa
[2026-05-09T11:52:39.640Z] [MemWal #4] Attempting to Supply liquidity to Predict...
[2026-05-09T11:52:40.097Z] [MemWal #4] FAILED: Command failed: & "E:\Cli work\Sui Wall\sui.exe" client --client.config "E:\Cli work\Sui Wall\sub-wa
[2026-05-09T11:52:45.097Z] [MemWal #5] Attempting to Supply liquidity to Predict...
[2026-05-09T11:52:45.584Z] [MemWal #5] FAILED: Command failed: & "E:\Cli work\Sui Wall\sui.exe" client --client.config "E:\Cli work\Sui Wall\sub-wa
[2026-05-09T11:52:50.597Z] [MemWal #6] Attempting to Supply liquidity to Predict...
[2026-05-09T11:52:51.662Z] [MemWal #6] FAILED: Command failed: & "E:\Cli work\Sui Wall\sui.exe" client --client.config "E:\Cli work\Sui Wall\sub-wa
[2026-05-09T11:52:56.664Z] [MemWal #7] Attempting to Supply liquidity to Predict...
[2026-05-09T11:52:57.157Z] [MemWal #7] FAILED: Command failed: & "E:\Cli work\Sui Wall\sui.exe" client --client.config "E:\Cli work\Sui Wall\sub-wa
[2026-05-09T11:53:02.158Z] Sleeping for 14 hours.
[2026-05-09T11:54:09.440Z] --- DeepBook Predict Activity Cycle (Corrected) ---
[2026-05-09T11:54:09.648Z] [Main Wallet] FAILED: Command failed: & "E:\Cli work\Sui Wall\sui.exe" client --client.config "E:\Cli work\Sui Wall\client_config.yaml" active-address
[2026-05-09T11:54:15.065Z] [MemWal #0] Creating PredictManager...
[2026-05-09T11:54:15.307Z] [MemWal #0] FAILED: Command failed: & "E:\Cli work\Sui Wall\sui.exe" client --client.config "E:\Cli work\Sui Wall\sub-wallets\sui_client_0.yaml" ptb --move-call 0xf5ea2b3
[2026-05-09T11:54:20.697Z] [MemWal #1] Creating PredictManager...
[2026-05-09T11:54:20.931Z] [MemWal #1] FAILED: Command failed: & "E:\Cli work\Sui Wall\sui.exe" client --client.config "E:\Cli work\Sui Wall\sub-wallets\sui_client_1.yaml" ptb --move-call 0xf5ea2b3
[2026-05-09T11:54:26.695Z] [MemWal #2] Creating PredictManager...
[2026-05-09T11:54:26.926Z] [MemWal #2] FAILED: Command failed: & "E:\Cli work\Sui Wall\sui.exe" client --client.config "E:\Cli work\Sui Wall\sub-wallets\sui_client_2.yaml" ptb --move-call 0xf5ea2b3
[2026-05-09T11:54:32.690Z] [MemWal #3] Creating PredictManager...
[2026-05-09T11:54:32.925Z] [MemWal #3] FAILED: Command failed: & "E:\Cli work\Sui Wall\sui.exe" client --client.config "E:\Cli work\Sui Wall\sub-wallets\sui_client_3.yaml" ptb --move-call 0xf5ea2b3
[2026-05-09T11:54:38.697Z] [MemWal #4] Creating PredictManager...
[2026-05-09T11:54:38.931Z] [MemWal #4] FAILED: Command failed: & "E:\Cli work\Sui Wall\sui.exe" client --client.config "E:\Cli work\Sui Wall\sub-wallets\sui_client_4.yaml" ptb --move-call 0xf5ea2b3
[2026-05-09T11:54:44.326Z] [MemWal #5] Creating PredictManager...
[2026-05-09T11:54:44.558Z] [MemWal #5] FAILED: Command failed: & "E:\Cli work\Sui Wall\sui.exe" client --client.config "E:\Cli work\Sui Wall\sub-wallets\sui_client_5.yaml" ptb --move-call 0xf5ea2b3
[2026-05-09T11:54:50.322Z] [MemWal #6] Creating PredictManager...
[2026-05-09T11:54:50.552Z] [MemWal #6] FAILED: Command failed: & "E:\Cli work\Sui Wall\sui.exe" client --client.config "E:\Cli work\Sui Wall\sub-wallets\sui_client_6.yaml" ptb --move-call 0xf5ea2b3
[2026-05-09T11:54:56.316Z] [MemWal #7] Creating PredictManager...
[2026-05-09T11:54:56.548Z] [MemWal #7] FAILED: Command failed: & "E:\Cli work\Sui Wall\sui.exe" client --client.config "E:\Cli work\Sui Wall\sub-wallets\sui_client_7.yaml" ptb --move-call 0xf5ea2b3
[2026-05-09T11:55:01.550Z] Cycle complete. Sleeping for 12 hours.
[2026-05-09T12:03:14.513Z] --- DeepBook Predict Activity Cycle (Fixed Signature) ---
[2026-05-09T12:03:14.707Z] [Main Wallet] FAILED: Command failed: & "E:\Cli work\Sui Wall\sui.exe" client --client.config "E:\Cli work\Sui Wall\client_config.yaml" active-address
[2026-05-09T12:03:20.118Z] [MemWal #0] Creating PredictManager...
[2026-05-09T12:03:20.341Z] [MemWal #0] FAILED: Command failed: & "E:\Cli work\Sui Wall\sui.exe" client --client.config "E:\Cli work\Sui Wall\sub-wallets\sui_client_0.yaml" ptb --move-call 0xf5ea2b3
[2026-05-09T12:03:26.034Z] [MemWal #1] Creating PredictManager...
[2026-05-09T12:03:26.253Z] [MemWal #1] FAILED: Command failed: & "E:\Cli work\Sui Wall\sui.exe" client --client.config "E:\Cli work\Sui Wall\sub-wallets\sui_client_1.yaml" ptb --move-call 0xf5ea2b3
[2026-05-09T12:03:31.653Z] [MemWal #2] Creating PredictManager...
[2026-05-09T12:03:31.867Z] [MemWal #2] FAILED: Command failed: & "E:\Cli work\Sui Wall\sui.exe" client --client.config "E:\Cli work\Sui Wall\sub-wallets\sui_client_2.yaml" ptb --move-call 0xf5ea2b3
[2026-05-09T12:03:37.633Z] [MemWal #3] Creating PredictManager...
[2026-05-09T12:03:37.847Z] [MemWal #3] FAILED: Command failed: & "E:\Cli work\Sui Wall\sui.exe" client --client.config "E:\Cli work\Sui Wall\sub-wallets\sui_client_3.yaml" ptb --move-call 0xf5ea2b3
[2026-05-09T12:03:43.213Z] [MemWal #4] Creating PredictManager...
[2026-05-09T12:03:43.428Z] [MemWal #4] FAILED: Command failed: & "E:\Cli work\Sui Wall\sui.exe" client --client.config "E:\Cli work\Sui Wall\sub-wallets\sui_client_4.yaml" ptb --move-call 0xf5ea2b3
[2026-05-09T12:03:48.842Z] [MemWal #5] Creating PredictManager...
[2026-05-09T12:03:49.057Z] [MemWal #5] FAILED: Command failed: & "E:\Cli work\Sui Wall\sui.exe" client --client.config "E:\Cli work\Sui Wall\sub-wallets\sui_client_5.yaml" ptb --move-call 0xf5ea2b3
[2026-05-09T12:03:54.650Z] [MemWal #6] Creating PredictManager...
[2026-05-09T12:03:54.868Z] [MemWal #6] FAILED: Command failed: & "E:\Cli work\Sui Wall\sui.exe" client --client.config "E:\Cli work\Sui Wall\sub-wallets\sui_client_6.yaml" ptb --move-call 0xf5ea2b3
[2026-05-09T12:04:00.243Z] [MemWal #7] Creating PredictManager...
[2026-05-09T12:04:00.472Z] [MemWal #7] FAILED: Command failed: & "E:\Cli work\Sui Wall\sui.exe" client --client.config "E:\Cli work\Sui Wall\sub-wallets\sui_client_7.yaml" ptb --move-call 0xf5ea2b3
[2026-05-09T12:04:05.489Z] Sleeping for 12 hours.
[2026-05-10T00:04:05.495Z] --- DeepBook Predict Activity Cycle (Fixed Signature) ---
[2026-05-10T00:04:05.697Z] [Main Wallet] FAILED: Command failed: & "E:\Cli work\Sui Wall\sui.exe" client --client.config "E:\Cli work\Sui Wall\client_config.yaml" active-address
[2026-05-10T00:04:11.500Z] [MemWal #0] Creating PredictManager...
[2026-05-10T00:04:11.779Z] [MemWal #0] FAILED: Command failed: & "E:\Cli work\Sui Wall\sui.exe" client --client.config "E:\Cli work\Sui Wall\sub-wallets\sui_client_0.yaml" ptb --move-call 0xf5ea2b3
[2026-05-10T00:04:17.305Z] [MemWal #1] Creating PredictManager...
[2026-05-10T00:04:17.516Z] [MemWal #1] FAILED: Command failed: & "E:\Cli work\Sui Wall\sui.exe" client --client.config "E:\Cli work\Sui Wall\sub-wallets\sui_client_1.yaml" ptb --move-call 0xf5ea2b3
[2026-05-10T00:04:23.011Z] [MemWal #2] Creating PredictManager...
[2026-05-10T00:04:23.222Z] [MemWal #2] FAILED: Command failed: & "E:\Cli work\Sui Wall\sui.exe" client --client.config "E:\Cli work\Sui Wall\sub-wallets\sui_client_2.yaml" ptb --move-call 0xf5ea2b3
[2026-05-10T00:04:28.723Z] [MemWal #3] Creating PredictManager...
[2026-05-10T00:04:28.937Z] [MemWal #3] FAILED: Command failed: & "E:\Cli work\Sui Wall\sui.exe" client --client.config "E:\Cli work\Sui Wall\sub-wallets\sui_client_3.yaml" ptb --move-call 0xf5ea2b3
[2026-05-10T00:04:34.447Z] [MemWal #4] Creating PredictManager...
[2026-05-10T00:04:34.660Z] [MemWal #4] FAILED: Command failed: & "E:\Cli work\Sui Wall\sui.exe" client --client.config "E:\Cli work\Sui Wall\sub-wallets\sui_client_4.yaml" ptb --move-call 0xf5ea2b3
[2026-05-10T00:04:40.162Z] [MemWal #5] Creating PredictManager...
[2026-05-10T00:04:40.375Z] [MemWal #5] FAILED: Command failed: & "E:\Cli work\Sui Wall\sui.exe" client --client.config "E:\Cli work\Sui Wall\sub-wallets\sui_client_5.yaml" ptb --move-call 0xf5ea2b3
[2026-05-10T00:04:45.742Z] [MemWal #6] Creating PredictManager...
[2026-05-10T00:04:45.954Z] [MemWal #6] FAILED: Command failed: & "E:\Cli work\Sui Wall\sui.exe" client --client.config "E:\Cli work\Sui Wall\sub-wallets\sui_client_6.yaml" ptb --move-call 0xf5ea2b3
[2026-05-10T00:04:51.454Z] [MemWal #7] Creating PredictManager...
[2026-05-10T00:04:51.664Z] [MemWal #7] FAILED: Command failed: & "E:\Cli work\Sui Wall\sui.exe" client --client.config "E:\Cli work\Sui Wall\sub-wallets\sui_client_7.yaml" ptb --move-call 0xf5ea2b3
[2026-05-10T00:04:56.678Z] Sleeping for 12 hours.
[2026-05-10T12:04:58.803Z] --- DeepBook Predict Activity Cycle (Fixed Signature) ---
[2026-05-10T12:05:02.227Z] [Main Wallet] FAILED: Command failed: & "E:\Cli work\Sui Wall\sui.exe" client --client.config "E:\Cli work\Sui Wall\client_config.yaml" active-address
[2026-05-10T12:05:08.182Z] [MemWal #0] Creating PredictManager...
[2026-05-10T12:05:08.454Z] [MemWal #0] FAILED: Command failed: & "E:\Cli work\Sui Wall\sui.exe" client --client.config "E:\Cli work\Sui Wall\sub-wallets\sui_client_0.yaml" ptb --move-call 0xf5ea2b3
[2026-05-10T12:05:13.868Z] [MemWal #1] Creating PredictManager...
[2026-05-10T12:05:14.078Z] [MemWal #1] FAILED: Command failed: & "E:\Cli work\Sui Wall\sui.exe" client --client.config "E:\Cli work\Sui Wall\sub-wallets\sui_client_1.yaml" ptb --move-call 0xf5ea2b3
[2026-05-10T12:05:19.834Z] [MemWal #2] Creating PredictManager...
[2026-05-10T12:05:20.044Z] [MemWal #2] FAILED: Command failed: & "E:\Cli work\Sui Wall\sui.exe" client --client.config "E:\Cli work\Sui Wall\sub-wallets\sui_client_2.yaml" ptb --move-call 0xf5ea2b3
[2026-05-10T12:05:25.451Z] [MemWal #3] Creating PredictManager...
[2026-05-10T12:05:25.661Z] [MemWal #3] FAILED: Command failed: & "E:\Cli work\Sui Wall\sui.exe" client --client.config "E:\Cli work\Sui Wall\sub-wallets\sui_client_3.yaml" ptb --move-call 0xf5ea2b3
[2026-05-10T12:05:31.042Z] [MemWal #4] Creating PredictManager...
[2026-05-10T12:05:31.252Z] [MemWal #4] FAILED: Command failed: & "E:\Cli work\Sui Wall\sui.exe" client --client.config "E:\Cli work\Sui Wall\sub-wallets\sui_client_4.yaml" ptb --move-call 0xf5ea2b3
[2026-05-10T12:05:37.013Z] [MemWal #5] Creating PredictManager...
[2026-05-10T12:05:37.224Z] [MemWal #5] FAILED: Command failed: & "E:\Cli work\Sui Wall\sui.exe" client --client.config "E:\Cli work\Sui Wall\sub-wallets\sui_client_5.yaml" ptb --move-call 0xf5ea2b3
[2026-05-10T12:05:42.642Z] [MemWal #6] Creating PredictManager...
[2026-05-10T12:05:42.851Z] [MemWal #6] FAILED: Command failed: & "E:\Cli work\Sui Wall\sui.exe" client --client.config "E:\Cli work\Sui Wall\sub-wallets\sui_client_6.yaml" ptb --move-call 0xf5ea2b3
[2026-05-10T12:05:48.267Z] [MemWal #7] Creating PredictManager...
[2026-05-10T12:05:48.478Z] [MemWal #7] FAILED: Command failed: & "E:\Cli work\Sui Wall\sui.exe" client --client.config "E:\Cli work\Sui Wall\sub-wallets\sui_client_7.yaml" ptb --move-call 0xf5ea2b3
[2026-05-10T12:05:53.490Z] Sleeping for 12 hours.
[2026-05-11T00:05:53.501Z] --- DeepBook Predict Activity Cycle (Fixed Signature) ---
[2026-05-11T00:05:53.700Z] [Main Wallet] FAILED: Command failed: & "E:\Cli work\Sui Wall\sui.exe" client --client.config "E:\Cli work\Sui Wall\client_config.yaml" active-address
[2026-05-11T00:05:59.181Z] [MemWal #0] Creating PredictManager...
[2026-05-11T00:05:59.463Z] [MemWal #0] FAILED: Command failed: & "E:\Cli work\Sui Wall\sui.exe" client --client.config "E:\Cli work\Sui Wall\sub-wallets\sui_client_0.yaml" ptb --move-call 0xf5ea2b3
[2026-05-11T00:06:05.329Z] [MemWal #1] Creating PredictManager...
[2026-05-11T00:06:05.539Z] [MemWal #1] FAILED: Command failed: & "E:\Cli work\Sui Wall\sui.exe" client --client.config "E:\Cli work\Sui Wall\sub-wallets\sui_client_1.yaml" ptb --move-call 0xf5ea2b3
[2026-05-11T00:06:11.334Z] [MemWal #2] Creating PredictManager...
[2026-05-11T00:06:11.543Z] [MemWal #2] FAILED: Command failed: & "E:\Cli work\Sui Wall\sui.exe" client --client.config "E:\Cli work\Sui Wall\sub-wallets\sui_client_2.yaml" ptb --move-call 0xf5ea2b3
[2026-05-11T00:06:16.980Z] [MemWal #3] Creating PredictManager...
[2026-05-11T00:06:17.193Z] [MemWal #3] FAILED: Command failed: & "E:\Cli work\Sui Wall\sui.exe" client --client.config "E:\Cli work\Sui Wall\sub-wallets\sui_client_3.yaml" ptb --move-call 0xf5ea2b3
[2026-05-11T00:06:23.086Z] [MemWal #4] Creating PredictManager...
[2026-05-11T00:06:23.294Z] [MemWal #4] FAILED: Command failed: & "E:\Cli work\Sui Wall\sui.exe" client --client.config "E:\Cli work\Sui Wall\sub-wallets\sui_client_4.yaml" ptb --move-call 0xf5ea2b3
[2026-05-11T00:06:29.069Z] [MemWal #5] Creating PredictManager...
[2026-05-11T00:06:29.278Z] [MemWal #5] FAILED: Command failed: & "E:\Cli work\Sui Wall\sui.exe" client --client.config "E:\Cli work\Sui Wall\sub-wallets\sui_client_5.yaml" ptb --move-call 0xf5ea2b3
[2026-05-11T00:06:34.644Z] [MemWal #6] Creating PredictManager...
[2026-05-11T00:06:34.854Z] [MemWal #6] FAILED: Command failed: & "E:\Cli work\Sui Wall\sui.exe" client --client.config "E:\Cli work\Sui Wall\sub-wallets\sui_client_6.yaml" ptb --move-call 0xf5ea2b3
[2026-05-11T00:06:40.209Z] [MemWal #7] Creating PredictManager...
[2026-05-11T00:06:40.420Z] [MemWal #7] FAILED: Command failed: & "E:\Cli work\Sui Wall\sui.exe" client --client.config "E:\Cli work\Sui Wall\sub-wallets\sui_client_7.yaml" ptb --move-call 0xf5ea2b3
[2026-05-11T00:06:45.427Z] Sleeping for 12 hours.
[2026-05-11T12:06:46.894Z] --- DeepBook Predict Activity Cycle (Fixed Signature) ---
[2026-05-11T12:06:48.938Z] [Main Wallet] FAILED: Command failed: & "E:\Cli work\Sui Wall\sui.exe" client --client.config "E:\Cli work\Sui Wall\client_config.yaml" active-address
[2026-05-11T12:06:54.753Z] [MemWal #0] Creating PredictManager...
[2026-05-11T12:06:55.030Z] [MemWal #0] FAILED: Command failed: & "E:\Cli work\Sui Wall\sui.exe" client --client.config "E:\Cli work\Sui Wall\sub-wallets\sui_client_0.yaml" ptb --move-call 0xf5ea2b3
[2026-05-11T12:07:00.451Z] [MemWal #1] Creating PredictManager...
[2026-05-11T12:07:00.662Z] [MemWal #1] FAILED: Command failed: & "E:\Cli work\Sui Wall\sui.exe" client --client.config "E:\Cli work\Sui Wall\sub-wallets\sui_client_1.yaml" ptb --move-call 0xf5ea2b3
[2026-05-11T12:07:06.105Z] [MemWal #2] Creating PredictManager...
[2026-05-11T12:07:06.315Z] [MemWal #2] FAILED: Command failed: & "E:\Cli work\Sui Wall\sui.exe" client --client.config "E:\Cli work\Sui Wall\sub-wallets\sui_client_2.yaml" ptb --move-call 0xf5ea2b3
[2026-05-11T12:07:12.106Z] [MemWal #3] Creating PredictManager...
[2026-05-11T12:07:12.316Z] [MemWal #3] FAILED: Command failed: & "E:\Cli work\Sui Wall\sui.exe" client --client.config "E:\Cli work\Sui Wall\sub-wallets\sui_client_3.yaml" ptb --move-call 0xf5ea2b3
[2026-05-11T12:07:17.734Z] [MemWal #4] Creating PredictManager...
[2026-05-11T12:07:17.944Z] [MemWal #4] FAILED: Command failed: & "E:\Cli work\Sui Wall\sui.exe" client --client.config "E:\Cli work\Sui Wall\sub-wallets\sui_client_4.yaml" ptb --move-call 0xf5ea2b3
[2026-05-11T12:07:23.369Z] [MemWal #5] Creating PredictManager...
[2026-05-11T12:07:23.579Z] [MemWal #5] FAILED: Command failed: & "E:\Cli work\Sui Wall\sui.exe" client --client.config "E:\Cli work\Sui Wall\sub-wallets\sui_client_5.yaml" ptb --move-call 0xf5ea2b3
[2026-05-11T12:07:28.994Z] [MemWal #6] Creating PredictManager...
[2026-05-11T12:07:29.203Z] [MemWal #6] FAILED: Command failed: & "E:\Cli work\Sui Wall\sui.exe" client --client.config "E:\Cli work\Sui Wall\sub-wallets\sui_client_6.yaml" ptb --move-call 0xf5ea2b3
[2026-05-11T12:07:34.650Z] [MemWal #7] Creating PredictManager...
[2026-05-11T12:07:34.867Z] [MemWal #7] FAILED: Command failed: & "E:\Cli work\Sui Wall\sui.exe" client --client.config "E:\Cli work\Sui Wall\sub-wallets\sui_client_7.yaml" ptb --move-call 0xf5ea2b3
[2026-05-11T12:07:39.872Z] Sleeping for 12 hours.
[2026-05-12T00:07:39.882Z] --- DeepBook Predict Activity Cycle (Fixed Signature) ---
[2026-05-12T00:07:40.097Z] [Main Wallet] FAILED: Command failed: & "E:\Cli work\Sui Wall\sui.exe" client --client.config "E:\Cli work\Sui Wall\client_config.yaml" active-address
[2026-05-12T00:07:45.918Z] [MemWal #0] Creating PredictManager...
[2026-05-12T00:07:46.215Z] [MemWal #0] FAILED: Command failed: & "E:\Cli work\Sui Wall\sui.exe" client --client.config "E:\Cli work\Sui Wall\sub-wallets\sui_client_0.yaml" ptb --move-call 0xf5ea2b3
[2026-05-12T00:07:51.772Z] [MemWal #1] Creating PredictManager...
[2026-05-12T00:07:51.983Z] [MemWal #1] FAILED: Command failed: & "E:\Cli work\Sui Wall\sui.exe" client --client.config "E:\Cli work\Sui Wall\sub-wallets\sui_client_1.yaml" ptb --move-call 0xf5ea2b3
[2026-05-12T00:07:57.640Z] [MemWal #2] Creating PredictManager...
[2026-05-12T00:07:57.849Z] [MemWal #2] FAILED: Command failed: & "E:\Cli work\Sui Wall\sui.exe" client --client.config "E:\Cli work\Sui Wall\sub-wallets\sui_client_2.yaml" ptb --move-call 0xf5ea2b3
[2026-05-12T00:08:03.574Z] [MemWal #3] Creating PredictManager...
[2026-05-12T00:08:03.786Z] [MemWal #3] FAILED: Command failed: & "E:\Cli work\Sui Wall\sui.exe" client --client.config "E:\Cli work\Sui Wall\sub-wallets\sui_client_3.yaml" ptb --move-call 0xf5ea2b3
[2026-05-12T00:08:09.516Z] [MemWal #4] Creating PredictManager...
[2026-05-12T00:08:09.726Z] [MemWal #4] FAILED: Command failed: & "E:\Cli work\Sui Wall\sui.exe" client --client.config "E:\Cli work\Sui Wall\sub-wallets\sui_client_4.yaml" ptb --move-call 0xf5ea2b3
[2026-05-12T00:08:15.510Z] [MemWal #5] Creating PredictManager...
[2026-05-12T00:08:15.717Z] [MemWal #5] FAILED: Command failed: & "E:\Cli work\Sui Wall\sui.exe" client --client.config "E:\Cli work\Sui Wall\sub-wallets\sui_client_5.yaml" ptb --move-call 0xf5ea2b3
[2026-05-12T00:08:21.146Z] [MemWal #6] Creating PredictManager...
[2026-05-12T00:08:21.357Z] [MemWal #6] FAILED: Command failed: & "E:\Cli work\Sui Wall\sui.exe" client --client.config "E:\Cli work\Sui Wall\sub-wallets\sui_client_6.yaml" ptb --move-call 0xf5ea2b3
[2026-05-12T00:08:26.722Z] [MemWal #7] Creating PredictManager...
[2026-05-12T00:08:26.931Z] [MemWal #7] FAILED: Command failed: & "E:\Cli work\Sui Wall\sui.exe" client --client.config "E:\Cli work\Sui Wall\sub-wallets\sui_client_7.yaml" ptb --move-call 0xf5ea2b3
[2026-05-12T00:08:31.947Z] Sleeping for 12 hours.
[2026-05-12T12:08:33.415Z] --- DeepBook Predict Activity Cycle (Fixed Signature) ---
[2026-05-12T12:08:34.033Z] [Main Wallet] FAILED: Command failed: & "E:\Cli work\Sui Wall\sui.exe" client --client.config "E:\Cli work\Sui Wall\client_config.yaml" active-address
[2026-05-12T12:08:39.545Z] [MemWal #0] Creating PredictManager...
[2026-05-12T12:08:39.849Z] [MemWal #0] FAILED: Command failed: & "E:\Cli work\Sui Wall\sui.exe" client --client.config "E:\Cli work\Sui Wall\sub-wallets\sui_client_0.yaml" ptb --move-call 0xf5ea2b3
[2026-05-12T12:08:45.288Z] [MemWal #1] Creating PredictManager...
[2026-05-12T12:08:45.498Z] [MemWal #1] FAILED: Command failed: & "E:\Cli work\Sui Wall\sui.exe" client --client.config "E:\Cli work\Sui Wall\sub-wallets\sui_client_1.yaml" ptb --move-call 0xf5ea2b3
[2026-05-12T12:08:51.311Z] [MemWal #2] Creating PredictManager...
[2026-05-12T12:08:51.519Z] [MemWal #2] FAILED: Command failed: & "E:\Cli work\Sui Wall\sui.exe" client --client.config "E:\Cli work\Sui Wall\sub-wallets\sui_client_2.yaml" ptb --move-call 0xf5ea2b3
[2026-05-12T12:08:57.318Z] [MemWal #3] Creating PredictManager...
[2026-05-12T12:08:57.536Z] [MemWal #3] FAILED: Command failed: & "E:\Cli work\Sui Wall\sui.exe" client --client.config "E:\Cli work\Sui Wall\sub-wallets\sui_client_3.yaml" ptb --move-call 0xf5ea2b3
[2026-05-12T12:09:02.939Z] [MemWal #4] Creating PredictManager...
[2026-05-12T12:09:03.150Z] [MemWal #4] FAILED: Command failed: & "E:\Cli work\Sui Wall\sui.exe" client --client.config "E:\Cli work\Sui Wall\sub-wallets\sui_client_4.yaml" ptb --move-call 0xf5ea2b3
[2026-05-12T12:09:08.571Z] [MemWal #5] Creating PredictManager...
[2026-05-12T12:09:08.782Z] [MemWal #5] FAILED: Command failed: & "E:\Cli work\Sui Wall\sui.exe" client --client.config "E:\Cli work\Sui Wall\sub-wallets\sui_client_5.yaml" ptb --move-call 0xf5ea2b3
[2026-05-12T12:09:14.235Z] [MemWal #6] Creating PredictManager...
[2026-05-12T12:09:14.446Z] [MemWal #6] FAILED: Command failed: & "E:\Cli work\Sui Wall\sui.exe" client --client.config "E:\Cli work\Sui Wall\sub-wallets\sui_client_6.yaml" ptb --move-call 0xf5ea2b3
[2026-05-12T12:09:19.874Z] [MemWal #7] Creating PredictManager...
[2026-05-12T12:09:20.084Z] [MemWal #7] FAILED: Command failed: & "E:\Cli work\Sui Wall\sui.exe" client --client.config "E:\Cli work\Sui Wall\sub-wallets\sui_client_7.yaml" ptb --move-call 0xf5ea2b3
[2026-05-12T12:09:25.098Z] Sleeping for 12 hours.
[2026-05-13T00:09:25.114Z] --- DeepBook Predict Activity Cycle (Fixed Signature) ---
[2026-05-13T00:09:33.835Z] [Main Wallet] FAILED: Command failed: & "E:\Cli work\Sui Wall\sui.exe" client --client.config "E:\Cli work\Sui Wall\client_config.yaml" active-address
[2026-05-13T00:09:39.654Z] [MemWal #0] Creating PredictManager...
[2026-05-13T00:09:40.002Z] [MemWal #0] FAILED: Command failed: & "E:\Cli work\Sui Wall\sui.exe" client --client.config "E:\Cli work\Sui Wall\sub-wallets\sui_client_0.yaml" ptb --move-call 0xf5ea2b3
[2026-05-13T00:09:45.363Z] [MemWal #1] Creating PredictManager...
[2026-05-13T00:09:45.579Z] [MemWal #1] FAILED: Command failed: & "E:\Cli work\Sui Wall\sui.exe" client --client.config "E:\Cli work\Sui Wall\sub-wallets\sui_client_1.yaml" ptb --move-call 0xf5ea2b3
[2026-05-13T00:09:50.946Z] [MemWal #2] Creating PredictManager...
[2026-05-13T00:09:51.159Z] [MemWal #2] FAILED: Command failed: & "E:\Cli work\Sui Wall\sui.exe" client --client.config "E:\Cli work\Sui Wall\sub-wallets\sui_client_2.yaml" ptb --move-call 0xf5ea2b3
[2026-05-13T00:09:56.570Z] [MemWal #3] Creating PredictManager...
[2026-05-13T00:09:56.781Z] [MemWal #3] FAILED: Command failed: & "E:\Cli work\Sui Wall\sui.exe" client --client.config "E:\Cli work\Sui Wall\sub-wallets\sui_client_3.yaml" ptb --move-call 0xf5ea2b3
[2026-05-13T00:10:02.152Z] [MemWal #4] Creating PredictManager...
[2026-05-13T00:10:02.366Z] [MemWal #4] FAILED: Command failed: & "E:\Cli work\Sui Wall\sui.exe" client --client.config "E:\Cli work\Sui Wall\sub-wallets\sui_client_4.yaml" ptb --move-call 0xf5ea2b3
[2026-05-13T00:10:07.863Z] [MemWal #5] Creating PredictManager...
[2026-05-13T00:10:08.081Z] [MemWal #5] FAILED: Command failed: & "E:\Cli work\Sui Wall\sui.exe" client --client.config "E:\Cli work\Sui Wall\sub-wallets\sui_client_5.yaml" ptb --move-call 0xf5ea2b3
[2026-05-13T00:10:13.455Z] [MemWal #6] Creating PredictManager...
[2026-05-13T00:10:13.667Z] [MemWal #6] FAILED: Command failed: & "E:\Cli work\Sui Wall\sui.exe" client --client.config "E:\Cli work\Sui Wall\sub-wallets\sui_client_6.yaml" ptb --move-call 0xf5ea2b3
[2026-05-13T00:10:19.027Z] [MemWal #7] Creating PredictManager...
[2026-05-13T00:10:19.237Z] [MemWal #7] FAILED: Command failed: & "E:\Cli work\Sui Wall\sui.exe" client --client.config "E:\Cli work\Sui Wall\sub-wallets\sui_client_7.yaml" ptb --move-call 0xf5ea2b3
[2026-05-13T00:10:24.243Z] Sleeping for 12 hours.
[2026-05-13T16:34:19.447Z] --- DeepBook Predict Activity Cycle (Fixed Signature) ---
[2026-05-13T16:34:19.641Z] [Main Wallet] FAILED: Command failed: & "E:\Cli work\Sui Wall\sui.exe" client --client.config "E:\Cli work\Sui Wall\client_config.yaml" active-address
[2026-05-13T16:34:25.400Z] [MemWal #0] Creating PredictManager...
[2026-05-13T16:34:25.650Z] [MemWal #0] FAILED: Command failed: & "E:\Cli work\Sui Wall\sui.exe" client --client.config "E:\Cli work\Sui Wall\sub-wallets\sui_client_0.yaml" ptb --move-call 0xf5ea2b3
[2026-05-13T16:34:31.391Z] [MemWal #1] Creating PredictManager...
[2026-05-13T16:34:31.618Z] [MemWal #1] FAILED: Command failed: & "E:\Cli work\Sui Wall\sui.exe" client --client.config "E:\Cli work\Sui Wall\sub-wallets\sui_client_1.yaml" ptb --move-call 0xf5ea2b3
[2026-05-13T16:34:37.368Z] [MemWal #2] Creating PredictManager...
[2026-05-13T16:34:37.586Z] [MemWal #2] FAILED: Command failed: & "E:\Cli work\Sui Wall\sui.exe" client --client.config "E:\Cli work\Sui Wall\sub-wallets\sui_client_2.yaml" ptb --move-call 0xf5ea2b3
[2026-05-13T16:34:43.331Z] [MemWal #3] Creating PredictManager...
[2026-05-13T16:34:43.550Z] [MemWal #3] FAILED: Command failed: & "E:\Cli work\Sui Wall\sui.exe" client --client.config "E:\Cli work\Sui Wall\sub-wallets\sui_client_3.yaml" ptb --move-call 0xf5ea2b3
[2026-05-13T16:34:49.304Z] [MemWal #4] Creating PredictManager...
[2026-05-13T16:34:49.524Z] [MemWal #4] FAILED: Command failed: & "E:\Cli work\Sui Wall\sui.exe" client --client.config "E:\Cli work\Sui Wall\sub-wallets\sui_client_4.yaml" ptb --move-call 0xf5ea2b3
[2026-05-13T16:34:55.264Z] [MemWal #5] Creating PredictManager...
[2026-05-13T16:34:55.483Z] [MemWal #5] FAILED: Command failed: & "E:\Cli work\Sui Wall\sui.exe" client --client.config "E:\Cli work\Sui Wall\sub-wallets\sui_client_5.yaml" ptb --move-call 0xf5ea2b3
[2026-05-13T16:35:00.938Z] [MemWal #6] Creating PredictManager...
[2026-05-13T16:35:01.158Z] [MemWal #6] FAILED: Command failed: & "E:\Cli work\Sui Wall\sui.exe" client --client.config "E:\Cli work\Sui Wall\sub-wallets\sui_client_6.yaml" ptb --move-call 0xf5ea2b3
[2026-05-13T16:35:06.583Z] [MemWal #7] Creating PredictManager...
[2026-05-13T16:35:06.815Z] [MemWal #7] FAILED: Command failed: & "E:\Cli work\Sui Wall\sui.exe" client --client.config "E:\Cli work\Sui Wall\sub-wallets\sui_client_7.yaml" ptb --move-call 0xf5ea2b3
[2026-05-13T16:35:11.818Z] Sleeping for 12 hours.
[2026-05-14T11:01:55.510Z] --- DeepBook Predict Activity Cycle v2.0 ---
[2026-05-14T11:01:55.903Z] [Main] Creating PredictManager for 0x55fee70acf52cfaa295c3d995264bfeec53d7db0be3040e2c1e3eac017251e49...
[2026-05-14T11:01:57.397Z] [Main] SUCCESS! Digest: 8sysaEngFiRm2yk52Wup17ofcADAvARZipUsKTqUZjbY
[2026-05-14T11:01:59.786Z] [Sub-0] Creating PredictManager for 0x807756f519854b103c5e5c614de637bd591ce41ec52fda9a935925bc2ce0ba10...
[2026-05-14T11:02:01.605Z] [Sub-0] SUCCESS! Digest: 8hyMbsVZSKtF1jkVX27AeRUxE9cFvHDaqgJMq1VSFu6P
[2026-05-14T11:02:04.003Z] [Sub-1] Creating PredictManager for 0xab27e21406b831f0f06567d21be9601d39d4a517054b57fad07201a7cb64e132...
[2026-05-14T11:02:05.745Z] [Sub-1] SUCCESS! Digest: Axk7UGwYjEoxuRkJVrzaqAvTNBTL2ph3w1Kkk3qP7d7e
[2026-05-14T11:02:08.432Z] [Sub-2] Creating PredictManager for 0xd2787982c561c88b49a885943147f7939248f92a762d7971278312d71d87e34e...
[2026-05-14T11:02:10.621Z] [Sub-2] SUCCESS! Digest: ETiVUdKh6FLkGyRTCoLSVRgYzVtsaf4i9wMbDXw8KZpg
[2026-05-14T11:02:13.011Z] [Sub-3] Creating PredictManager for 0x2e1e0597baf96d5f7698615d0cbf3341a09f37273635f24c1fa092d143720fc9...
[2026-05-14T11:02:14.747Z] [Sub-3] SUCCESS! Digest: CpuUAoDHCKy8NZpQDegmYXNacniATd18TnMDvcL9YFwi
[2026-05-14T11:02:17.640Z] [Sub-4] Creating PredictManager for 0xe47d24a10808cf4f71dd7364384a68ddd793e621c65712c8a6458670e09889c2...
[2026-05-14T11:02:19.928Z] [Sub-4] SUCCESS! Digest: G5HqnBEZTikTX8Le5GMmw5Ynn3ixEhF6bYsgaSqaEJna
[2026-05-14T11:02:22.690Z] [Sub-5] Creating PredictManager for 0x990f68f8927b9673ddddc9cfa4b4b2a00e0514d253a8f70ef3a3730b8c9492aa...
[2026-05-14T11:02:24.683Z] [Sub-5] SUCCESS! Digest: 8Wiph7PwBgKXRFS4dgEhBTidk3BzYi79R3G7UwzPqwVC
[2026-05-14T11:02:27.094Z] [Sub-6] Creating PredictManager for 0xc53e69ae1b7d5d58ba467442c20b8bdea4fd698c77399b32f8d4b3ecbed5459c...
[2026-05-14T11:02:28.925Z] [Sub-6] SUCCESS! Digest: FjiwqDfDMZiBVS9ByCc5sH53NBk9gWrExGUwpCDCfvfo
[2026-05-14T11:02:31.311Z] [Sub-7] Creating PredictManager for 0x739e0f2c7693043b2df57631df027d61419c75c00d9cd60398f4396b2bb9f039...
[2026-05-14T11:02:33.636Z] [Sub-7] SUCCESS! Digest: DeJXGDnJHDZ6gnnCMZmZz2kod7pMyL1hQLYrm5ui5xf7
[2026-05-14T11:02:35.643Z] Cycle complete. Sleeping for 12 hours.
[2026-05-14T17:45:47.204Z] --- DeepBook Predict Activity Cycle v2.0 ---
[2026-05-14T17:45:50.585Z] [Main] PredictManager is already active for 0x55fee70acf52cfaa295c3d995264bfeec53d7db0be3040e2c1e3eac017251e49.
[2026-05-14T17:45:53.472Z] [Sub-0] PredictManager is already active for 0x807756f519854b103c5e5c614de637bd591ce41ec52fda9a935925bc2ce0ba10.
[2026-05-14T17:45:55.937Z] [Sub-1] PredictManager is already active for 0xab27e21406b831f0f06567d21be9601d39d4a517054b57fad07201a7cb64e132.
[2026-05-14T17:45:58.711Z] [Sub-2] PredictManager is already active for 0xd2787982c561c88b49a885943147f7939248f92a762d7971278312d71d87e34e.
[2026-05-14T17:46:01.492Z] [Sub-3] PredictManager is already active for 0x2e1e0597baf96d5f7698615d0cbf3341a09f37273635f24c1fa092d143720fc9.
[2026-05-14T17:46:03.920Z] [Sub-4] PredictManager is already active for 0xe47d24a10808cf4f71dd7364384a68ddd793e621c65712c8a6458670e09889c2.
[2026-05-14T17:46:06.698Z] [Sub-5] PredictManager is already active for 0x990f68f8927b9673ddddc9cfa4b4b2a00e0514d253a8f70ef3a3730b8c9492aa.
[2026-05-14T17:46:09.500Z] [Sub-6] PredictManager is already active for 0xc53e69ae1b7d5d58ba467442c20b8bdea4fd698c77399b32f8d4b3ecbed5459c.
[2026-05-14T17:46:12.281Z] [Sub-7] PredictManager is already active for 0x739e0f2c7693043b2df57631df027d61419c75c00d9cd60398f4396b2bb9f039.
[2026-05-14T17:46:14.285Z] Cycle complete. Sleeping for 12 hours.
[2026-05-14T18:12:25.297Z] --- DeepBook Predict Activity Cycle v2.0 ---
[2026-05-14T18:12:34.674Z] [Main] PredictManager is already active for 0x55fee70acf52cfaa295c3d995264bfeec53d7db0be3040e2c1e3eac017251e49.
[2026-05-14T18:12:37.459Z] [Sub-0] PredictManager is already active for 0x807756f519854b103c5e5c614de637bd591ce41ec52fda9a935925bc2ce0ba10.
[2026-05-14T18:12:40.598Z] [Sub-1] PredictManager is already active for 0xab27e21406b831f0f06567d21be9601d39d4a517054b57fad07201a7cb64e132.
[2026-05-14T18:12:43.771Z] [Sub-2] PredictManager is already active for 0xd2787982c561c88b49a885943147f7939248f92a762d7971278312d71d87e34e.
[2026-05-14T18:12:46.229Z] [Sub-3] PredictManager is already active for 0x2e1e0597baf96d5f7698615d0cbf3341a09f37273635f24c1fa092d143720fc9.
[2026-05-14T18:12:48.664Z] [Sub-4] PredictManager is already active for 0xe47d24a10808cf4f71dd7364384a68ddd793e621c65712c8a6458670e09889c2.
[2026-05-14T18:12:51.513Z] [Sub-5] PredictManager is already active for 0x990f68f8927b9673ddddc9cfa4b4b2a00e0514d253a8f70ef3a3730b8c9492aa.
[2026-05-14T18:12:54.117Z] [Sub-6] PredictManager is already active for 0xc53e69ae1b7d5d58ba467442c20b8bdea4fd698c77399b32f8d4b3ecbed5459c.
[2026-05-14T18:12:56.953Z] [Sub-7] PredictManager is already active for 0x739e0f2c7693043b2df57631df027d61419c75c00d9cd60398f4396b2bb9f039.
[2026-05-14T18:12:58.958Z] Cycle complete. Sleeping for 12 hours.
[14.05.2026, 23:57:14] ===============================================
[14.05.2026, 23:57:14] DEEPBOOK PREDICT v4.0 ONLINE
[14.05.2026, 23:57:14] ===============================================
[14.05.2026, 23:57:16] [Main] Checking for claimable rewards...
[14.05.2026, 23:57:23] [Sub-0] Checking for claimable rewards...
[14.05.2026, 23:57:30] [Sub-1] Checking for claimable rewards...
[14.05.2026, 23:57:36] [Sub-2] Checking for claimable rewards...
[14.05.2026, 23:57:44] [Sub-3] Checking for claimable rewards...
[14.05.2026, 23:57:51] [Sub-4] Checking for claimable rewards...
[14.05.2026, 23:57:58] [Sub-5] Checking for claimable rewards...
[14.05.2026, 23:58:04] [Sub-6] Checking for claimable rewards...
[14.05.2026, 23:58:11] [Sub-7] Checking for claimable rewards...
[14.05.2026, 23:58:17] Cycle complete. Sleeping for 6 hours.
[15.05.2026, 06:55:44] ===============================================
[15.05.2026, 06:55:44] DEEPBOOK PREDICT v5.0 ONLINE
[15.05.2026, 06:55:44] ===============================================
[15.05.2026, 06:55:45] [Main] Oracle: Spot=81029977805121, Forward=81019917368402, Expiry=1778832000000
[15.05.2026, 06:55:45] [Main] Strategy: BEAR bet (0, 81029977805121]
[15.05.2026, 06:55:46] [Main] No DUSDC coins found. Cannot bet.
[15.05.2026, 06:55:46] [Main] Checking for claimable rewards...
[15.05.2026, 06:55:53] [Sub-0] Oracle: Spot=81026997687913, Forward=81018710947972, Expiry=1778832000000
[15.05.2026, 06:55:53] [Sub-0] Strategy: BEAR bet (0, 81026997687913]
[15.05.2026, 06:55:54] [Sub-0] No DUSDC coins found. Cannot bet.
[15.05.2026, 06:55:54] [Sub-0] Checking for claimable rewards...
[15.05.2026, 06:56:00] [Sub-1] Oracle: Spot=81044456932872, Forward=81036928707933, Expiry=1778832000000
[15.05.2026, 06:56:00] [Sub-1] Strategy: BEAR bet (0, 81044456932872]
[15.05.2026, 06:56:01] [Sub-1] No DUSDC coins found. Cannot bet.
[15.05.2026, 06:56:01] [Sub-1] Checking for claimable rewards...
[15.05.2026, 06:56:07] [Sub-2] Oracle: Spot=81033679367949, Forward=81026654060190, Expiry=1778832000000
[15.05.2026, 06:56:07] [Sub-2] Strategy: BEAR bet (0, 81033679367949]
[15.05.2026, 06:56:07] [Sub-2] No DUSDC coins found. Cannot bet.
[15.05.2026, 06:56:07] [Sub-2] Checking for claimable rewards...
[15.05.2026, 06:56:13] [Sub-3] Oracle: Spot=81027572916153, Forward=81019271674778, Expiry=1778832000000
[15.05.2026, 06:56:13] [Sub-3] Strategy: BEAR bet (0, 81027572916153]
[15.05.2026, 06:56:14] [Sub-3] No DUSDC coins found. Cannot bet.
[15.05.2026, 06:56:14] [Sub-3] Checking for claimable rewards...
[15.05.2026, 06:56:20] [Sub-4] Oracle: Spot=81026937446003, Forward=81019086399750, Expiry=1778832000000
[15.05.2026, 06:56:20] [Sub-4] Strategy: BEAR bet (0, 81026937446003]
[15.05.2026, 06:56:21] [Sub-4] No DUSDC coins found. Cannot bet.
[15.05.2026, 06:56:21] [Sub-4] Checking for claimable rewards...
[15.05.2026, 06:56:27] [Sub-5] Oracle: Spot=81026945221604, Forward=81016400327665, Expiry=1778832000000
[15.05.2026, 06:56:27] [Sub-5] Strategy: BEAR bet (0, 81026945221604]
[15.05.2026, 06:56:28] [Sub-5] No DUSDC coins found. Cannot bet.
[15.05.2026, 06:56:28] [Sub-5] Checking for claimable rewards...
[15.05.2026, 06:56:34] [Sub-6] Oracle: Spot=81024834160527, Forward=81013955797499, Expiry=1778832000000
[15.05.2026, 06:56:34] [Sub-6] Strategy: BEAR bet (0, 81024834160527]
[15.05.2026, 06:56:35] [Sub-6] No DUSDC coins found. Cannot bet.
[15.05.2026, 06:56:35] [Sub-6] Checking for claimable rewards...
[15.05.2026, 06:56:41] [Sub-7] Oracle: Spot=81024988798021, Forward=81013085652152, Expiry=1778832000000
[15.05.2026, 06:56:41] [Sub-7] Strategy: BEAR bet (0, 81024988798021]
[15.05.2026, 06:56:42] [Sub-7] No DUSDC coins found. Cannot bet.
[15.05.2026, 06:56:42] [Sub-7] Checking for claimable rewards...
[15.05.2026, 06:56:47] Cycle complete. Sleeping for 4 hours.
[2026-05-15T06:12:59.000Z] --- DeepBook Predict Activity Cycle v2.0 ---
[2026-05-15T06:12:59.772Z] [Main] PredictManager is already active for 0x55fee70acf52cfaa295c3d995264bfeec53d7db0be3040e2c1e3eac017251e49.
[2026-05-15T06:13:02.414Z] [Sub-0] PredictManager is already active for 0x807756f519854b103c5e5c614de637bd591ce41ec52fda9a935925bc2ce0ba10.
[2026-05-15T06:13:05.151Z] [Sub-1] PredictManager is already active for 0xab27e21406b831f0f06567d21be9601d39d4a517054b57fad07201a7cb64e132.
[2026-05-15T06:13:07.553Z] [Sub-2] PredictManager is already active for 0xd2787982c561c88b49a885943147f7939248f92a762d7971278312d71d87e34e.
[2026-05-15T06:13:09.942Z] [Sub-3] PredictManager is already active for 0x2e1e0597baf96d5f7698615d0cbf3341a09f37273635f24c1fa092d143720fc9.
[2026-05-15T06:13:12.691Z] [Sub-4] PredictManager is already active for 0xe47d24a10808cf4f71dd7364384a68ddd793e621c65712c8a6458670e09889c2.
[2026-05-15T06:13:15.091Z] [Sub-5] PredictManager is already active for 0x990f68f8927b9673ddddc9cfa4b4b2a00e0514d253a8f70ef3a3730b8c9492aa.
[2026-05-15T06:13:17.807Z] [Sub-6] PredictManager is already active for 0xc53e69ae1b7d5d58ba467442c20b8bdea4fd698c77399b32f8d4b3ecbed5459c.
[2026-05-15T06:13:20.162Z] [Sub-7] PredictManager is already active for 0x739e0f2c7693043b2df57631df027d61419c75c00d9cd60398f4396b2bb9f039.
[2026-05-15T06:13:22.176Z] Cycle complete. Sleeping for 12 hours.
[2026-05-15T18:13:20.148Z] --- DeepBook Predict Activity Cycle v2.0 ---
[2026-05-15T18:13:20.713Z] [Main] PredictManager is already active for 0x55fee70acf52cfaa295c3d995264bfeec53d7db0be3040e2c1e3eac017251e49.
[2026-05-15T18:13:23.086Z] [Sub-0] PredictManager is already active for 0x807756f519854b103c5e5c614de637bd591ce41ec52fda9a935925bc2ce0ba10.
[2026-05-15T18:13:25.894Z] [Sub-1] PredictManager is already active for 0xab27e21406b831f0f06567d21be9601d39d4a517054b57fad07201a7cb64e132.
[2026-05-15T18:13:28.366Z] [Sub-2] PredictManager is already active for 0xd2787982c561c88b49a885943147f7939248f92a762d7971278312d71d87e34e.
[2026-05-15T18:13:31.218Z] [Sub-3] PredictManager is already active for 0x2e1e0597baf96d5f7698615d0cbf3341a09f37273635f24c1fa092d143720fc9.
[2026-05-15T18:13:34.069Z] [Sub-4] PredictManager is already active for 0xe47d24a10808cf4f71dd7364384a68ddd793e621c65712c8a6458670e09889c2.
[2026-05-15T18:13:36.489Z] [Sub-5] PredictManager is already active for 0x990f68f8927b9673ddddc9cfa4b4b2a00e0514d253a8f70ef3a3730b8c9492aa.
[2026-05-15T18:13:38.948Z] [Sub-6] PredictManager is already active for 0xc53e69ae1b7d5d58ba467442c20b8bdea4fd698c77399b32f8d4b3ecbed5459c.
[2026-05-15T18:13:41.670Z] [Sub-7] PredictManager is already active for 0x739e0f2c7693043b2df57631df027d61419c75c00d9cd60398f4396b2bb9f039.
[2026-05-15T18:13:43.679Z] Cycle complete. Sleeping for 12 hours.
[2026-05-16T06:13:43.708Z] --- DeepBook Predict Activity Cycle v2.0 ---
[2026-05-16T06:13:44.627Z] [Main] PredictManager is already active for 0x55fee70acf52cfaa295c3d995264bfeec53d7db0be3040e2c1e3eac017251e49.
[2026-05-16T06:13:47.067Z] [Sub-0] PredictManager is already active for 0x807756f519854b103c5e5c614de637bd591ce41ec52fda9a935925bc2ce0ba10.
[2026-05-16T06:13:49.831Z] [Sub-1] PredictManager is already active for 0xab27e21406b831f0f06567d21be9601d39d4a517054b57fad07201a7cb64e132.
[2026-05-16T06:13:52.241Z] [Sub-2] PredictManager is already active for 0xd2787982c561c88b49a885943147f7939248f92a762d7971278312d71d87e34e.
[2026-05-16T06:13:55.013Z] [Sub-3] PredictManager is already active for 0x2e1e0597baf96d5f7698615d0cbf3341a09f37273635f24c1fa092d143720fc9.
[2026-05-16T06:13:57.764Z] [Sub-4] PredictManager is already active for 0xe47d24a10808cf4f71dd7364384a68ddd793e621c65712c8a6458670e09889c2.
[2026-05-16T06:14:00.135Z] [Sub-5] PredictManager is already active for 0x990f68f8927b9673ddddc9cfa4b4b2a00e0514d253a8f70ef3a3730b8c9492aa.
[2026-05-16T06:14:02.889Z] [Sub-6] PredictManager is already active for 0xc53e69ae1b7d5d58ba467442c20b8bdea4fd698c77399b32f8d4b3ecbed5459c.
[2026-05-16T06:14:05.540Z] [Sub-7] PredictManager is already active for 0x739e0f2c7693043b2df57631df027d61419c75c00d9cd60398f4396b2bb9f039.
[2026-05-16T06:14:07.552Z] Cycle complete. Sleeping for 12 hours.
